<?xml version="1.0" encoding="UTF-8"?>
<testsuite xmlns:xsi="http://www.w3.org/2001/XMLSchema-instance" xsi:noNamespaceSchemaLocation="https://maven.apache.org/surefire/maven-surefire-plugin/xsd/surefire-test-report-3.0.xsd" version="3.0" name="com.itau.seguros.solicitacao.api.controller.SolicitacaoControllerTest" time="6.568" tests="7" errors="0" skipped="0" failures="0">
  <properties>
[...]
</properties>
  <testcase name="testBuscarPorCustomerId" classname="com.itau.seguros.solicitacao.api.controller.SolicitacaoControllerTest" time="0.585">
    <system-out><![CDATA[08:47:37.986 [main] INFO org.springframework.test.context.support.AnnotationConfigContextLoaderUtils -- Could not detect default configuration classes for test class [com.itau.seguros.solicitacao.api.controller.SolicitacaoControllerTest]: SolicitacaoControllerTest does not declare any static, non-private, non-final, nested classes annotated with @Configuration.
08:47:38.269 [main] INFO org.springframework.boot.test.context.SpringBootTestContextBootstrapper -- Found @SpringBootConfiguration com.itau.seguros.solicitacao.SolicitacaoApplication for test class com.itau.seguros.solicitacao.api.controller.SolicitacaoControllerTest
08:47:38.492 [main] INFO org.springframework.boot.devtools.restart.RestartApplicationListener -- Restart disabled due to context in which it is running
08:47:37,721 |-INFO in ch.qos.logback.classic.LoggerContext[default] - This is logback-classic version 1.4.11
08:47:37,736 |-INFO in ch.qos.logback.classic.util.ContextInitializer@66ec9390 - Here is a list of configurators discovered as a service, by rank: 
08:47:37,736 |-INFO in ch.qos.logback.classic.util.ContextInitializer@66ec9390 -   org.springframework.boot.logging.logback.RootLogLevelConfigurator
08:47:37,736 |-INFO in ch.qos.logback.classic.util.ContextInitializer@66ec9390 - They will be invoked in order until ExecutionStatus.DO_NOT_INVOKE_NEXT_IF_ANY is returned.
08:47:37,736 |-INFO in ch.qos.logback.classic.util.ContextInitializer@66ec9390 - Constructed configurator of type class org.springframework.boot.logging.logback.RootLogLevelConfigurator
08:47:37,746 |-INFO in ch.qos.logback.classic.util.ContextInitializer@66ec9390 - org.springframework.boot.logging.logback.RootLogLevelConfigurator.configure() call lasted 2 milliseconds. ExecutionStatus=INVOKE_NEXT_IF_ANY
08:47:37,746 |-INFO in ch.qos.logback.classic.util.ContextInitializer@66ec9390 - Trying to configure with ch.qos.logback.classic.joran.SerializedModelConfigurator
08:47:37,746 |-INFO in ch.qos.logback.classic.util.ContextInitializer@66ec9390 - Constructed configurator of type class ch.qos.logback.classic.joran.SerializedModelConfigurator
08:47:37,776 |-INFO in ch.qos.logback.classic.LoggerContext[default] - Could NOT find resource [logback-test.scmo]
08:47:37,784 |-INFO in ch.qos.logback.classic.LoggerContext[default] - Could NOT find resource [logback.scmo]
08:47:37,784 |-INFO in ch.qos.logback.classic.util.ContextInitializer@66ec9390 - ch.qos.logback.classic.joran.SerializedModelConfigurator.configure() call lasted 38 milliseconds. ExecutionStatus=INVOKE_NEXT_IF_ANY
08:47:37,784 |-INFO in ch.qos.logback.classic.util.ContextInitializer@66ec9390 - Trying to configure with ch.qos.logback.classic.util.DefaultJoranConfigurator
08:47:37,786 |-INFO in ch.qos.logback.classic.util.ContextInitializer@66ec9390 - Constructed configurator of type class ch.qos.logback.classic.util.DefaultJoranConfigurator
08:47:37,788 |-INFO in ch.qos.logback.classic.LoggerContext[default] - Could NOT find resource [logback-test.xml]
08:47:37,788 |-INFO in ch.qos.logback.classic.LoggerContext[default] - Could NOT find resource [logback.xml]
08:47:37,788 |-INFO in ch.qos.logback.classic.util.ContextInitializer@66ec9390 - ch.qos.logback.classic.util.DefaultJoranConfigurator.configure() call lasted 2 milliseconds. ExecutionStatus=INVOKE_NEXT_IF_ANY
08:47:37,788 |-INFO in ch.qos.logback.classic.util.ContextInitializer@66ec9390 - Trying to configure with ch.qos.logback.classic.BasicConfigurator
08:47:37,790 |-INFO in ch.qos.logback.classic.util.ContextInitializer@66ec9390 - Constructed configurator of type class ch.qos.logback.classic.BasicConfigurator
08:47:37,790 |-INFO in ch.qos.logback.classic.BasicConfigurator@6e91893 - Setting up default configuration.
08:47:37,805 |-INFO in ch.qos.logback.classic.util.ContextInitializer@66ec9390 - ch.qos.logback.classic.BasicConfigurator.configure() call lasted 15 milliseconds. ExecutionStatus=NEUTRAL
08:47:39,072 |-INFO in ch.qos.logback.core.model.processor.AppenderModelHandler - Processing appender named [CONSOLE]
08:47:39,072 |-INFO in ch.qos.logback.core.model.processor.AppenderModelHandler - About to instantiate appender of type [ch.qos.logback.core.ConsoleAppender]
08:47:39,074 |-INFO in ch.qos.logback.core.model.processor.ImplicitModelHandler - Assuming default type [ch.qos.logback.classic.encoder.PatternLayoutEncoder] for [encoder] property
08:47:39,101 |-INFO in ch.qos.logback.core.model.processor.AppenderModelHandler - Processing appender named [FILE]
08:47:39,101 |-INFO in ch.qos.logback.core.model.processor.AppenderModelHandler - About to instantiate appender of type [ch.qos.logback.core.rolling.RollingFileAppender]
08:47:39,110 |-WARN in ch.qos.logback.core.model.processor.ImplicitModelHandler - Ignoring unknown property [maxFileSize] in [ch.qos.logback.core.rolling.TimeBasedRollingPolicy]
08:47:39,110 |-INFO in c.q.l.core.rolling.TimeBasedRollingPolicy@1007664442 - setting totalSizeCap to 1 GB
08:47:39,110 |-INFO in c.q.l.core.rolling.TimeBasedRollingPolicy@1007664442 - No compression will be used
08:47:39,116 |-INFO in c.q.l.core.rolling.TimeBasedRollingPolicy@1007664442 - Will use the pattern logs/solicitacao-apolice.%d{yyyy-MM-dd}.log for the active file
08:47:39,122 |-INFO in c.q.l.core.rolling.DefaultTimeBasedFileNamingAndTriggeringPolicy - The date pattern is 'yyyy-MM-dd' from file name pattern 'logs/solicitacao-apolice.%d{yyyy-MM-dd}.log'.
08:47:39,122 |-INFO in c.q.l.core.rolling.DefaultTimeBasedFileNamingAndTriggeringPolicy - Roll-over at midnight.
08:47:39,123 |-INFO in c.q.l.core.rolling.DefaultTimeBasedFileNamingAndTriggeringPolicy - Setting initial period to 2025-08-26T14:09:45Z
08:47:39,125 |-INFO in ch.qos.logback.core.model.processor.ImplicitModelHandler - Assuming default type [ch.qos.logback.classic.encoder.PatternLayoutEncoder] for [encoder] property
08:47:39,125 |-INFO in ch.qos.logback.core.rolling.RollingFileAppender[FILE] - Active log file name: logs/solicitacao-apolice.log
08:47:39,125 |-INFO in ch.qos.logback.core.rolling.RollingFileAppender[FILE] - File property is set to [logs/solicitacao-apolice.log]
08:47:39,125 |-WARN in ch.qos.logback.core.model.processor.AppenderModelHandler - Appender named [JSON] not referenced. Skipping further processing.
08:47:39,125 |-INFO in ch.qos.logback.classic.model.processor.LoggerModelHandler - Setting level of logger [com.itau.seguros] to INFO
08:47:39,125 |-INFO in ch.qos.logback.classic.jul.LevelChangePropagator@562457e1 - Propagating INFO level on Logger[com.itau.seguros] onto the JUL framework
08:47:39,132 |-INFO in ch.qos.logback.classic.model.processor.LoggerModelHandler - Setting additivity of logger [com.itau.seguros] to false
08:47:39,132 |-INFO in ch.qos.logback.core.model.processor.AppenderRefModelHandler - Attaching appender named [CONSOLE] to Logger[com.itau.seguros]
08:47:39,132 |-INFO in ch.qos.logback.core.model.processor.AppenderRefModelHandler - Attaching appender named [FILE] to Logger[com.itau.seguros]
08:47:39,132 |-INFO in ch.qos.logback.classic.model.processor.LoggerModelHandler - Setting level of logger [org.springframework.amqp] to INFO
08:47:39,132 |-INFO in ch.qos.logback.classic.jul.LevelChangePropagator@562457e1 - Propagating INFO level on Logger[org.springframework.amqp] onto the JUL framework
08:47:39,132 |-INFO in ch.qos.logback.classic.model.processor.LoggerModelHandler - Setting additivity of logger [org.springframework.amqp] to false
08:47:39,132 |-INFO in ch.qos.logback.core.model.processor.AppenderRefModelHandler - Attaching appender named [CONSOLE] to Logger[org.springframework.amqp]
08:47:39,132 |-INFO in ch.qos.logback.core.model.processor.AppenderRefModelHandler - Attaching appender named [FILE] to Logger[org.springframework.amqp]
08:47:39,132 |-INFO in ch.qos.logback.classic.model.processor.RootLoggerModelHandler - Setting level of ROOT logger to INFO
08:47:39,132 |-INFO in ch.qos.logback.classic.jul.LevelChangePropagator@562457e1 - Propagating INFO level on Logger[ROOT] onto the JUL framework
08:47:39,132 |-INFO in ch.qos.logback.core.model.processor.AppenderRefModelHandler - Attaching appender named [CONSOLE] to Logger[ROOT]
08:47:39,132 |-INFO in ch.qos.logback.core.model.processor.AppenderRefModelHandler - Attaching appender named [FILE] to Logger[ROOT]
08:47:39,132 |-INFO in ch.qos.logback.core.model.processor.DefaultProcessor@54562ea6 - End of configuration.
08:47:39,132 |-INFO in org.springframework.boot.logging.logback.SpringBootJoranConfigurator@1a35993f - Registering current configuration as safe fallback point


  .   ____          _            __ _ _
 /\\ / ___'_ __ _ _(_)_ __  __ _ \ \ \ \
( ( )\___ | '_ | '_| | '_ \/ _` | \ \ \ \
 \\/  ___)| |_)| | | | | || (_| |  ) ) ) )
  '  |____| .__|_| |_|_| |_\__, | / / / /
 =========|_|==============|___/=/_/_/_/
 :: Spring Boot ::                (v3.2.0)

2025-08-27 08:47:39.221 [background-preinit] INFO  [] [] o.h.validator.internal.util.Version - HV000001: Hibernate Validator 8.0.1.Final
2025-08-27 08:47:39.301 [main] INFO  [] [] c.i.s.s.a.c.SolicitacaoControllerTest - Starting SolicitacaoControllerTest using Java 17.0.7 with PID 1892 (started by Admin in C:\dev\insurance-policy-service\itau-seguros-mvp)
2025-08-27 08:47:39.304 [main] INFO  [] [] c.i.s.s.a.c.SolicitacaoControllerTest - No active profile set, falling back to 1 default profile: "default"
2025-08-27 08:47:43.061 [main] INFO  [] [] o.s.b.t.m.w.SpringBootMockServletContext - Initializing Spring TestDispatcherServlet ''
2025-08-27 08:47:43.061 [main] INFO  [] [] o.s.t.w.s.TestDispatcherServlet - Initializing Servlet ''
2025-08-27 08:47:43.061 [main] INFO  [] [] o.s.t.w.s.TestDispatcherServlet - Completed initialization in 0 ms
2025-08-27 08:47:43.130 [main] INFO  [] [] c.i.s.s.a.c.SolicitacaoControllerTest - Started SolicitacaoControllerTest in 4.66 seconds (process running for 6.498)
2025-08-27 08:47:43.428 [main] INFO  [] [] c.i.s.s.a.c.SolicitacaoController - Buscando solicitações do cliente: af2cef52-c0bf-4cfb-8f2e-305b1d28131a
]]></system-out>
  </testcase>
  <testcase name="testCancelarSolicitacao" classname="com.itau.seguros.solicitacao.api.controller.SolicitacaoControllerTest" time="0.017">
    <system-out><![CDATA[2025-08-27 08:47:43.752 [main] INFO  [] [] c.i.s.s.a.c.SolicitacaoController - Cancelando solicitação: 07dd3343-92f6-4b63-a165-95cf290fa485
]]></system-out>
  </testcase>
  <testcase name="testCriarSolicitacao" classname="com.itau.seguros.solicitacao.api.controller.SolicitacaoControllerTest" time="0.244">
    <system-out><![CDATA[2025-08-27 08:47:44.006 [main] INFO  [] [] c.i.s.s.a.c.SolicitacaoController - Recebida requisição para criar solicitação
]]></system-out>
  </testcase>
  <testcase name="testCriarSolicitacaoInvalida" classname="com.itau.seguros.solicitacao.api.controller.SolicitacaoControllerTest" time="0.131">
    <system-out><![CDATA[2025-08-27 08:47:44.143 [main] WARN  [] [] o.s.w.s.m.s.DefaultHandlerExceptionResolver - Resolved [org.springframework.web.bind.MethodArgumentNotValidException: Validation failed for argument [0] in public org.springframework.http.ResponseEntity<com.itau.seguros.solicitacao.api.dto.SolicitacaoResponseDTO> com.itau.seguros.solicitacao.api.controller.SolicitacaoController.criar(com.itau.seguros.solicitacao.api.dto.SolicitacaoRequestDTO) with 8 errors: [Field error in object 'solicitacaoRequestDTO' on field 'category': rejected value [null]; codes [NotNull.solicitacaoRequestDTO.category,NotNull.category,NotNull.com.itau.seguros.solicitacao.domain.model.CategoriaSeguro,NotNull]; arguments [org.springframework.context.support.DefaultMessageSourceResolvable: codes [solicitacaoRequestDTO.category,category]; arguments []; default message [category]]; default message [Categoria do seguro é obrigatória]] [Field error in object 'solicitacaoRequestDTO' on field 'paymentMethod': rejected value [null]; codes [NotBlank.solicitacaoRequestDTO.paymentMethod,NotBlank.paymentMethod,NotBlank.java.lang.String,NotBlank]; arguments [org.springframework.context.support.DefaultMessageSourceResolvable: codes [solicitacaoRequestDTO.paymentMethod,paymentMethod]; arguments []; default message [paymentMethod]]; default message [Forma de pagamento é obrigatória]] [Field error in object 'solicitacaoRequestDTO' on field 'productId': rejected value [null]; codes [NotBlank.solicitacaoRequestDTO.productId,NotBlank.productId,NotBlank.java.lang.String,NotBlank]; arguments [org.springframework.context.support.DefaultMessageSourceResolvable: codes [solicitacaoRequestDTO.productId,productId]; arguments []; default message [productId]]; default message [ID do produto é obrigatório]] [Field error in object 'solicitacaoRequestDTO' on field 'totalMonthlyPremiumAmount': rejected value [null]; codes [NotNull.solicitacaoRequestDTO.totalMonthlyPremiumAmount,NotNull.totalMonthlyPremiumAmount,NotNull.java.math.BigDecimal,NotNull]; arguments [org.springframework.context.support.DefaultMessageSourceResolvable: codes [solicitacaoRequestDTO.totalMonthlyPremiumAmount,totalMonthlyPremiumAmount]; arguments []; default message [totalMonthlyPremiumAmount]]; default message [Valor do prêmio mensal é obrigatório]] [Field error in object 'solicitacaoRequestDTO' on field 'salesChannel': rejected value [null]; codes [NotBlank.solicitacaoRequestDTO.salesChannel,NotBlank.salesChannel,NotBlank.java.lang.String,NotBlank]; arguments [org.springframework.context.support.DefaultMessageSourceResolvable: codes [solicitacaoRequestDTO.salesChannel,salesChannel]; arguments []; default message [salesChannel]]; default message [Canal de vendas é obrigatório]] [Field error in object 'solicitacaoRequestDTO' on field 'assistances': rejected value [null]; codes [NotNull.solicitacaoRequestDTO.assistances,NotNull.assistances,NotNull.java.util.List,NotNull]; arguments [org.springframework.context.support.DefaultMessageSourceResolvable: codes [solicitacaoRequestDTO.assistances,assistances]; arguments []; default message [assistances]]; default message [Lista de assistências é obrigatória]] [Field error in object 'solicitacaoRequestDTO' on field 'coverages': rejected value [null]; codes [NotNull.solicitacaoRequestDTO.coverages,NotNull.coverages,NotNull.java.util.Map,NotNull]; arguments [org.springframework.context.support.DefaultMessageSourceResolvable: codes [solicitacaoRequestDTO.coverages,coverages]; arguments []; default message [coverages]]; default message [Coberturas são obrigatórias]] [Field error in object 'solicitacaoRequestDTO' on field 'insuredAmount': rejected value [null]; codes [NotNull.solicitacaoRequestDTO.insuredAmount,NotNull.insuredAmount,NotNull.java.math.BigDecimal,NotNull]; arguments [org.springframework.context.support.DefaultMessageSourceResolvable: codes [solicitacaoRequestDTO.insuredAmount,insuredAmount]; arguments []; default message [insuredAmount]]; default message [Valor do capital segurado é obrigatório]] ]
]]></system-out>
  </testcase>
  <testcase name="testBuscarPorId" classname="com.itau.seguros.solicitacao.api.controller.SolicitacaoControllerTest" time="0.014">
    <system-out><![CDATA[2025-08-27 08:47:44.161 [main] INFO  [] [] c.i.s.s.a.c.SolicitacaoController - Buscando solicitação por ID: 5d6f8b94-4cdc-4198-9417-51f6c86b4045
]]></system-out>
  </testcase>
  <testcase name="testCancelarSolicitacaoNaoPermitido" classname="com.itau.seguros.solicitacao.api.controller.SolicitacaoControllerTest" time="0.011">
    <system-out><![CDATA[2025-08-27 08:47:44.176 [main] INFO  [] [] c.i.s.s.a.c.SolicitacaoController - Cancelando solicitação: e7df4720-3d8c-4032-ae9c-5a061f878449
2025-08-27 08:47:44.178 [main] WARN  [] [] c.i.s.s.a.c.SolicitacaoController - Não é possível cancelar a solicitação e7df4720-3d8c-4032-ae9c-5a061f878449: Solicitação não pode ser cancelada no estado atual: APROVADA
]]></system-out>
  </testcase>
  <testcase name="testBuscarPorIdNaoEncontrado" classname="com.itau.seguros.solicitacao.api.controller.SolicitacaoControllerTest" time="0.011">
    <system-out><![CDATA[2025-08-27 08:47:44.195 [main] INFO  [] [] c.i.s.s.a.c.SolicitacaoController - Buscando solicitação por ID: c8abb81f-ff5a-4363-be66-8af3e89fd8ca
2025-08-27 08:47:44.196 [main] WARN  [] [] c.i.s.s.a.c.SolicitacaoController - Solicitação não encontrada: c8abb81f-ff5a-4363-be66-8af3e89fd8ca
]]></system-out>
  </testcase>
</testsuite>