<?xml version="1.0" encoding="UTF-8"?>
<testsuite xmlns:xsi="http://www.w3.org/2001/XMLSchema-instance" xsi:noNamespaceSchemaLocation="https://maven.apache.org/surefire/maven-surefire-plugin/xsd/surefire-test-report-3.0.xsd" version="3.0" name="com.itau.seguros.solicitacao.application.service.SolicitacaoServiceTest" time="0.578" tests="6" errors="0" skipped="0" failures="0">
  <properties>
[...]
</properties>
  <testcase name="testCancelarSolicitacao" classname="com.itau.seguros.solicitacao.application.service.SolicitacaoServiceTest" time="0.493">
    <system-out><![CDATA[2025-08-27 08:47:44.674 [main] INFO  [] [] c.i.s.s.a.service.SolicitacaoService - Cancelando solicitação: 88b403c3-f07f-42bd-aedb-81cf0c913d58
2025-08-27 08:47:44.690 [main] INFO  [] [] c.i.s.s.a.service.SolicitacaoService - Solicitação 88b403c3-f07f-42bd-aedb-81cf0c913d58 cancelada com sucesso
]]></system-out>
  </testcase>
  <testcase name="testCriarSolicitacao" classname="com.itau.seguros.solicitacao.application.service.SolicitacaoServiceTest" time="0.022">
    <system-out><![CDATA[2025-08-27 08:47:44.734 [main] INFO  [b4350ffd-5919-4dc4-9c87-f7845afc74b5] [7361184d-0858-4cb3-a19c-21a2be7e7f2c] c.i.s.s.a.service.SolicitacaoService - Criando nova solicitação para cliente 7361184d-0858-4cb3-a19c-21a2be7e7f2c
2025-08-27 08:47:44.735 [main] INFO  [b4350ffd-5919-4dc4-9c87-f7845afc74b5] [7361184d-0858-4cb3-a19c-21a2be7e7f2c] c.i.s.s.a.service.SolicitacaoService - Solicitação fbcb9a98-8c72-4ced-bbc5-9a681ce35640 criada com sucesso
]]></system-out>
  </testcase>
  <testcase name="testBuscarPorId" classname="com.itau.seguros.solicitacao.application.service.SolicitacaoServiceTest" time="0.0">
    <system-out><![CDATA[2025-08-27 08:47:44.745 [main] INFO  [] [] c.i.s.s.a.service.SolicitacaoService - Buscando solicitação por ID: 03c508c2-8397-4842-a281-c0c716b9debf
]]></system-out>
  </testcase>
  <testcase name="testCancelarSolicitacaoNaoPermitido" classname="com.itau.seguros.solicitacao.application.service.SolicitacaoServiceTest" time="0.022">
    <system-out><![CDATA[2025-08-27 08:47:44.766 [main] INFO  [] [] c.i.s.s.a.service.SolicitacaoService - Cancelando solicitação: 77da86c0-fc03-472c-9911-3c164ea5d7c5
]]></system-out>
  </testcase>
  <testcase name="testProcessarValidacaoRejeitada" classname="com.itau.seguros.solicitacao.application.service.SolicitacaoServiceTest" time="0.012">
    <system-out><![CDATA[2025-08-27 08:47:44.777 [main] INFO  [070fb88d-7c5f-45fd-990d-f5ad70fbe705] [] c.i.s.s.a.service.SolicitacaoService - Processando validação da solicitação 81307f69-2050-46ef-a0a3-9bfa38af5fb8
2025-08-27 08:47:44.779 [main] INFO  [070fb88d-7c5f-45fd-990d-f5ad70fbe705] [] c.i.s.s.a.service.SolicitacaoService - Cliente d62956f5-3019-451d-93ed-41cf6b060740 classificado como REGULAR
2025-08-27 08:47:44.780 [main] INFO  [070fb88d-7c5f-45fd-990d-f5ad70fbe705] [] c.i.s.s.a.service.SolicitacaoService - Solicitação 81307f69-2050-46ef-a0a3-9bfa38af5fb8 rejeitada: Capital segurado excede limite
]]></system-out>
  </testcase>
  <testcase name="testProcessarValidacaoAprovada" classname="com.itau.seguros.solicitacao.application.service.SolicitacaoServiceTest" time="0.017">
    <system-out><![CDATA[2025-08-27 08:47:44.790 [main] INFO  [05a02865-43e2-4966-96c5-d5ac31a033ab] [] c.i.s.s.a.service.SolicitacaoService - Processando validação da solicitação 4661757d-d2c8-43ce-a600-d5c17ebf913a
2025-08-27 08:47:44.791 [main] INFO  [05a02865-43e2-4966-96c5-d5ac31a033ab] [] c.i.s.s.a.service.SolicitacaoService - Cliente ce700e36-9a61-4916-bf73-25e7505c6cd3 classificado como REGULAR
2025-08-27 08:47:44.796 [main] INFO  [05a02865-43e2-4966-96c5-d5ac31a033ab] [] c.i.s.s.a.service.SolicitacaoService - Solicitação 4661757d-d2c8-43ce-a600-d5c17ebf913a validada com sucesso
]]></system-out>
  </testcase>
</testsuite>